{
  "/home/data/github/rsschool/graphiql-app/src/store/slice/headerSlice.ts": {
    "path": "/home/data/github/rsschool/graphiql-app/src/store/slice/headerSlice.ts",
    "statementMap": {
      "0": {
        "start": {
          "line": 2,
          "column": 21
        },
        "end": {
          "line": 5,
          "column": 1
        }
      },
      "1": {
        "start": {
          "line": 6,
          "column": 20
        },
        "end": {
          "line": 17,
          "column": 2
        }
      },
      "2": {
        "start": {
          "line": 11,
          "column": 6
        },
        "end": {
          "line": 11,
          "column": 38
        }
      },
      "3": {
        "start": {
          "line": 14,
          "column": 6
        },
        "end": {
          "line": 14,
          "column": 38
        }
      },
      "4": {
        "start": {
          "line": 18,
          "column": 46
        },
        "end": {
          "line": 18,
          "column": 65
        }
      }
    },
    "fnMap": {
      "0": {
        "name": "(anonymous_0)",
        "decl": {
          "start": {
            "line": 10,
            "column": 4
          },
          "end": {
            "line": 10,
            "column": 5
          }
        },
        "loc": {
          "start": {
            "line": 10,
            "column": 32
          },
          "end": {
            "line": 12,
            "column": 5
          }
        },
        "line": 10
      },
      "1": {
        "name": "(anonymous_1)",
        "decl": {
          "start": {
            "line": 13,
            "column": 4
          },
          "end": {
            "line": 13,
            "column": 5
          }
        },
        "loc": {
          "start": {
            "line": 13,
            "column": 32
          },
          "end": {
            "line": 15,
            "column": 5
          }
        },
        "line": 13
      }
    },
    "branchMap": {},
    "s": {
      "0": 36,
      "1": 36,
      "2": 0,
      "3": 0,
      "4": 36
    },
    "f": {
      "0": 0,
      "1": 0
    },
    "b": {},
    "inputSourceMap": {
      "version": 3,
      "sources": [
        "/home/data/github/rsschool/graphiql-app/src/store/slice/headerSlice.ts"
      ],
      "mappings": "AAAA,SAAwB,mBAAmB;AAO3C,MAAM,eAA8B;AAAA,EAClC,UAAU;AAAA,EACV,UAAU;AACZ;AAEA,MAAM,cAAc,YAAY;AAAA,EAC9B,MAAM;AAAA,EACN;AAAA,EACA,UAAU;AAAA,IACR,aAAa,OAAO,QAAgC;AAClD,YAAM,WAAW,OAAO;AAAA,IAC1B;AAAA,IACA,aAAa,OAAO,QAAgC;AAClD,YAAM,WAAW,OAAO;AAAA,IAC1B;AAAA,EACF;AACF,CAAC;AAEM,aAAM,EAAE,cAAc,aAAa,IAAI,YAAY;AAE1D,eAAe,YAAY;",
      "names": []
    },
    "_coverageSchema": "1a1c01bbd47fc00a2c39e90264f33305004495a9",
    "hash": "2b0543e945dbe5834d29fc665fbed12552b91e77"
  },
  "/home/data/github/rsschool/graphiql-app/src/utils/createObj.ts": {
    "path": "/home/data/github/rsschool/graphiql-app/src/utils/createObj.ts",
    "statementMap": {
      "0": {
        "start": {
          "line": 1,
          "column": 25
        },
        "end": {
          "line": 20,
          "column": 1
        }
      },
      "1": {
        "start": {
          "line": 2,
          "column": 17
        },
        "end": {
          "line": 2,
          "column": 55
        }
      },
      "2": {
        "start": {
          "line": 3,
          "column": 2
        },
        "end": {
          "line": 17,
          "column": 3
        }
      },
      "3": {
        "start": {
          "line": 4,
          "column": 18
        },
        "end": {
          "line": 4,
          "column": 46
        }
      },
      "4": {
        "start": {
          "line": 5,
          "column": 19
        },
        "end": {
          "line": 14,
          "column": 6
        }
      },
      "5": {
        "start": {
          "line": 6,
          "column": 21
        },
        "end": {
          "line": 6,
          "column": 35
        }
      },
      "6": {
        "start": {
          "line": 7,
          "column": 6
        },
        "end": {
          "line": 9,
          "column": 7
        }
      },
      "7": {
        "start": {
          "line": 8,
          "column": 8
        },
        "end": {
          "line": 8,
          "column": 45
        }
      },
      "8": {
        "start": {
          "line": 10,
          "column": 6
        },
        "end": {
          "line": 12,
          "column": 7
        }
      },
      "9": {
        "start": {
          "line": 11,
          "column": 8
        },
        "end": {
          "line": 11,
          "column": 83
        }
      },
      "10": {
        "start": {
          "line": 13,
          "column": 6
        },
        "end": {
          "line": 13,
          "column": 16
        }
      },
      "11": {
        "start": {
          "line": 15,
          "column": 4
        },
        "end": {
          "line": 15,
          "column": 32
        }
      },
      "12": {
        "start": {
          "line": 16,
          "column": 4
        },
        "end": {
          "line": 16,
          "column": 49
        }
      },
      "13": {
        "start": {
          "line": 18,
          "column": 2
        },
        "end": {
          "line": 18,
          "column": 27
        }
      },
      "14": {
        "start": {
          "line": 19,
          "column": 2
        },
        "end": {
          "line": 19,
          "column": 16
        }
      }
    },
    "fnMap": {
      "0": {
        "name": "(anonymous_0)",
        "decl": {
          "start": {
            "line": 1,
            "column": 25
          },
          "end": {
            "line": 1,
            "column": 26
          }
        },
        "loc": {
          "start": {
            "line": 1,
            "column": 41
          },
          "end": {
            "line": 20,
            "column": 1
          }
        },
        "line": 1
      },
      "1": {
        "name": "(anonymous_1)",
        "decl": {
          "start": {
            "line": 5,
            "column": 42
          },
          "end": {
            "line": 5,
            "column": 43
          }
        },
        "loc": {
          "start": {
            "line": 5,
            "column": 50
          },
          "end": {
            "line": 14,
            "column": 5
          }
        },
        "line": 5
      }
    },
    "branchMap": {
      "0": {
        "loc": {
          "start": {
            "line": 2,
            "column": 43
          },
          "end": {
            "line": 2,
            "column": 53
          }
        },
        "type": "binary-expr",
        "locations": [
          {
            "start": {
              "line": 2,
              "column": 43
            },
            "end": {
              "line": 2,
              "column": 47
            }
          },
          {
            "start": {
              "line": 2,
              "column": 51
            },
            "end": {
              "line": 2,
              "column": 53
            }
          }
        ],
        "line": 2
      },
      "1": {
        "loc": {
          "start": {
            "line": 4,
            "column": 18
          },
          "end": {
            "line": 4,
            "column": 46
          }
        },
        "type": "binary-expr",
        "locations": [
          {
            "start": {
              "line": 4,
              "column": 18
            },
            "end": {
              "line": 4,
              "column": 40
            }
          },
          {
            "start": {
              "line": 4,
              "column": 44
            },
            "end": {
              "line": 4,
              "column": 46
            }
          }
        ],
        "line": 4
      },
      "2": {
        "loc": {
          "start": {
            "line": 7,
            "column": 6
          },
          "end": {
            "line": 9,
            "column": 7
          }
        },
        "type": "if",
        "locations": [
          {
            "start": {
              "line": 7,
              "column": 6
            },
            "end": {
              "line": 9,
              "column": 7
            }
          },
          {
            "start": {},
            "end": {}
          }
        ],
        "line": 7
      },
      "3": {
        "loc": {
          "start": {
            "line": 10,
            "column": 6
          },
          "end": {
            "line": 12,
            "column": 7
          }
        },
        "type": "if",
        "locations": [
          {
            "start": {
              "line": 10,
              "column": 6
            },
            "end": {
              "line": 12,
              "column": 7
            }
          },
          {
            "start": {},
            "end": {}
          }
        ],
        "line": 10
      },
      "4": {
        "loc": {
          "start": {
            "line": 10,
            "column": 10
          },
          "end": {
            "line": 10,
            "column": 63
          }
        },
        "type": "binary-expr",
        "locations": [
          {
            "start": {
              "line": 10,
              "column": 10
            },
            "end": {
              "line": 10,
              "column": 41
            }
          },
          {
            "start": {
              "line": 10,
              "column": 45
            },
            "end": {
              "line": 10,
              "column": 63
            }
          }
        ],
        "line": 10
      },
      "5": {
        "loc": {
          "start": {
            "line": 18,
            "column": 16
          },
          "end": {
            "line": 18,
            "column": 26
          }
        },
        "type": "binary-expr",
        "locations": [
          {
            "start": {
              "line": 18,
              "column": 16
            },
            "end": {
              "line": 18,
              "column": 20
            }
          },
          {
            "start": {
              "line": 18,
              "column": 24
            },
            "end": {
              "line": 18,
              "column": 26
            }
          }
        ],
        "line": 18
      }
    },
    "s": {
      "0": 36,
      "1": 12,
      "2": 12,
      "3": 66,
      "4": 66,
      "5": 58,
      "6": 58,
      "7": 10,
      "8": 48,
      "9": 6,
      "10": 42,
      "11": 66,
      "12": 66,
      "13": 12,
      "14": 12
    },
    "f": {
      "0": 12,
      "1": 58
    },
    "b": {
      "0": [
        12,
        0
      ],
      "1": [
        66,
        54
      ],
      "2": [
        10,
        48
      ],
      "3": [
        6,
        42
      ],
      "4": [
        48,
        12
      ],
      "5": [
        12,
        2
      ]
    },
    "inputSourceMap": {
      "version": 3,
      "sources": [
        "/home/data/github/rsschool/graphiql-app/src/utils/createObj.ts"
      ],
      "mappings": "AASO,aAAM,YAAY,CAAC,MAAyC,SAAkB;AACnF,QAAM,SAAiB,KAAK,MAAM,KAAK,UAAU,QAAQ,CAAC,CAAC,CAAC;AAC5D,aAAW,OAAO,MAAM;AACtB,UAAM,QAAS,KAAK,GAAG,EAAE,KAA4B,WAAW,CAAC;AACjE,UAAM,SAAS,OAAO,KAAK,KAAK,EAAE,IAAI,CAAC,OAAO;AAC5C,YAAM,SAAU,MAAqB,EAAE,EAAE;AAEzC,UAAI,OAAO,OAAO,QAAQ,SAAS,GAAG;AACpC,eAAO,UAAU,OAAO,SAAS,EAAE;AAAA,MACrC;AACA,UAAI,OAAO,OAAO,QAAQ,QAAQ,KAAK,OAAO,OAAO,MAAM;AACzD,eAAO,EAAE,MAAM,IAAI,QAAQ,EAAE,MAAM,GAAG,OAAO,OAAO,QAAQ,MAAM,KAAK,EAAE;AAAA,MAC3E;AACA,aAAO;AAAA,IACT,CAAC;AACD,WAAO,GAAG,EAAE,SAAS;AACrB,WAAO,GAAG,EAAE,OAAO,KAAK,GAAG,EAAE,KAAK,SAAS;AAAA,EAC7C;AAEA,EAAC,OAA2B,OAAO,QAAQ;AAE3C,SAAO;AACT;",
      "names": []
    },
    "_coverageSchema": "1a1c01bbd47fc00a2c39e90264f33305004495a9",
    "hash": "824a9b23634242c6775d6619e71a577cd5be7f95"
  },
  "/home/data/github/rsschool/graphiql-app/src/store/slice/querySlice.ts": {
    "path": "/home/data/github/rsschool/graphiql-app/src/store/slice/querySlice.ts",
    "statementMap": {
      "0": {
        "start": {
          "line": 5,
          "column": 21
        },
        "end": {
          "line": 11,
          "column": 1
        }
      },
      "1": {
        "start": {
          "line": 12,
          "column": 25
        },
        "end": {
          "line": 23,
          "column": 2
        }
      },
      "2": {
        "start": {
          "line": 13,
          "column": 15
        },
        "end": {
          "line": 13,
          "column": 19
        }
      },
      "3": {
        "start": {
          "line": 14,
          "column": 25
        },
        "end": {
          "line": 16,
          "column": 4
        }
      },
      "4": {
        "start": {
          "line": 17,
          "column": 25
        },
        "end": {
          "line": 19,
          "column": 3
        }
      },
      "5": {
        "start": {
          "line": 20,
          "column": 17
        },
        "end": {
          "line": 20,
          "column": 66
        }
      },
      "6": {
        "start": {
          "line": 21,
          "column": 2
        },
        "end": {
          "line": 21,
          "column": 29
        }
      },
      "7": {
        "start": {
          "line": 22,
          "column": 2
        },
        "end": {
          "line": 22,
          "column": 16
        }
      },
      "8": {
        "start": {
          "line": 24,
          "column": 19
        },
        "end": {
          "line": 54,
          "column": 2
        }
      },
      "9": {
        "start": {
          "line": 29,
          "column": 18
        },
        "end": {
          "line": 29,
          "column": 85
        }
      },
      "10": {
        "start": {
          "line": 29,
          "column": 62
        },
        "end": {
          "line": 29,
          "column": 84
        }
      },
      "11": {
        "start": {
          "line": 30,
          "column": 18
        },
        "end": {
          "line": 30,
          "column": 41
        }
      },
      "12": {
        "start": {
          "line": 31,
          "column": 19
        },
        "end": {
          "line": 31,
          "column": 43
        }
      },
      "13": {
        "start": {
          "line": 32,
          "column": 6
        },
        "end": {
          "line": 32,
          "column": 51
        }
      },
      "14": {
        "start": {
          "line": 33,
          "column": 6
        },
        "end": {
          "line": 35,
          "column": 23
        }
      },
      "15": {
        "start": {
          "line": 39,
          "column": 4
        },
        "end": {
          "line": 52,
          "column": 7
        }
      },
      "16": {
        "start": {
          "line": 40,
          "column": 6
        },
        "end": {
          "line": 40,
          "column": 29
        }
      },
      "17": {
        "start": {
          "line": 42,
          "column": 21
        },
        "end": {
          "line": 42,
          "column": 35
        }
      },
      "18": {
        "start": {
          "line": 43,
          "column": 6
        },
        "end": {
          "line": 43,
          "column": 30
        }
      },
      "19": {
        "start": {
          "line": 44,
          "column": 6
        },
        "end": {
          "line": 45,
          "column": 15
        }
      },
      "20": {
        "start": {
          "line": 45,
          "column": 8
        },
        "end": {
          "line": 45,
          "column": 15
        }
      },
      "21": {
        "start": {
          "line": 46,
          "column": 6
        },
        "end": {
          "line": 46,
          "column": 28
        }
      },
      "22": {
        "start": {
          "line": 47,
          "column": 6
        },
        "end": {
          "line": 47,
          "column": 26
        }
      },
      "23": {
        "start": {
          "line": 49,
          "column": 6
        },
        "end": {
          "line": 49,
          "column": 30
        }
      },
      "24": {
        "start": {
          "line": 50,
          "column": 6
        },
        "end": {
          "line": 50,
          "column": 22
        }
      },
      "25": {
        "start": {
          "line": 51,
          "column": 6
        },
        "end": {
          "line": 51,
          "column": 24
        }
      },
      "26": {
        "start": {
          "line": 56,
          "column": 2
        },
        "end": {
          "line": 56,
          "column": 42
        }
      },
      "27": {
        "start": {
          "line": 59,
          "column": 29
        },
        "end": {
          "line": 59,
          "column": 47
        }
      }
    },
    "fnMap": {
      "0": {
        "name": "(anonymous_0)",
        "decl": {
          "start": {
            "line": 12,
            "column": 62
          },
          "end": {
            "line": 12,
            "column": 63
          }
        },
        "loc": {
          "start": {
            "line": 12,
            "column": 78
          },
          "end": {
            "line": 23,
            "column": 1
          }
        },
        "line": 12
      },
      "1": {
        "name": "(anonymous_1)",
        "decl": {
          "start": {
            "line": 28,
            "column": 4
          },
          "end": {
            "line": 28,
            "column": 5
          }
        },
        "loc": {
          "start": {
            "line": 28,
            "column": 34
          },
          "end": {
            "line": 36,
            "column": 5
          }
        },
        "line": 28
      },
      "2": {
        "name": "(anonymous_2)",
        "decl": {
          "start": {
            "line": 29,
            "column": 54
          },
          "end": {
            "line": 29,
            "column": 55
          }
        },
        "loc": {
          "start": {
            "line": 29,
            "column": 62
          },
          "end": {
            "line": 29,
            "column": 84
          }
        },
        "line": 29
      },
      "3": {
        "name": "(anonymous_3)",
        "decl": {
          "start": {
            "line": 38,
            "column": 17
          },
          "end": {
            "line": 38,
            "column": 18
          }
        },
        "loc": {
          "start": {
            "line": 38,
            "column": 30
          },
          "end": {
            "line": 53,
            "column": 3
          }
        },
        "line": 38
      },
      "4": {
        "name": "(anonymous_4)",
        "decl": {
          "start": {
            "line": 39,
            "column": 39
          },
          "end": {
            "line": 39,
            "column": 40
          }
        },
        "loc": {
          "start": {
            "line": 39,
            "column": 50
          },
          "end": {
            "line": 41,
            "column": 5
          }
        },
        "line": 39
      },
      "5": {
        "name": "(anonymous_5)",
        "decl": {
          "start": {
            "line": 41,
            "column": 36
          },
          "end": {
            "line": 41,
            "column": 37
          }
        },
        "loc": {
          "start": {
            "line": 41,
            "column": 55
          },
          "end": {
            "line": 48,
            "column": 5
          }
        },
        "line": 41
      },
      "6": {
        "name": "(anonymous_6)",
        "decl": {
          "start": {
            "line": 48,
            "column": 27
          },
          "end": {
            "line": 48,
            "column": 28
          }
        },
        "loc": {
          "start": {
            "line": 48,
            "column": 38
          },
          "end": {
            "line": 52,
            "column": 5
          }
        },
        "line": 48
      },
      "7": {
        "name": "isError",
        "decl": {
          "start": {
            "line": 55,
            "column": 9
          },
          "end": {
            "line": 55,
            "column": 16
          }
        },
        "loc": {
          "start": {
            "line": 55,
            "column": 25
          },
          "end": {
            "line": 57,
            "column": 1
          }
        },
        "line": 55
      }
    },
    "branchMap": {
      "0": {
        "loc": {
          "start": {
            "line": 31,
            "column": 19
          },
          "end": {
            "line": 31,
            "column": 43
          }
        },
        "type": "cond-expr",
        "locations": [
          {
            "start": {
              "line": 31,
              "column": 29
            },
            "end": {
              "line": 31,
              "column": 38
            }
          },
          {
            "start": {
              "line": 31,
              "column": 41
            },
            "end": {
              "line": 31,
              "column": 43
            }
          }
        ],
        "line": 31
      },
      "1": {
        "loc": {
          "start": {
            "line": 32,
            "column": 21
          },
          "end": {
            "line": 32,
            "column": 50
          }
        },
        "type": "cond-expr",
        "locations": [
          {
            "start": {
              "line": 32,
              "column": 31
            },
            "end": {
              "line": 32,
              "column": 45
            }
          },
          {
            "start": {
              "line": 32,
              "column": 48
            },
            "end": {
              "line": 32,
              "column": 50
            }
          }
        ],
        "line": 32
      },
      "2": {
        "loc": {
          "start": {
            "line": 33,
            "column": 19
          },
          "end": {
            "line": 35,
            "column": 22
          }
        },
        "type": "cond-expr",
        "locations": [
          {
            "start": {
              "line": 33,
              "column": 29
            },
            "end": {
              "line": 35,
              "column": 7
            }
          },
          {
            "start": {
              "line": 35,
              "column": 10
            },
            "end": {
              "line": 35,
              "column": 22
            }
          }
        ],
        "line": 33
      },
      "3": {
        "loc": {
          "start": {
            "line": 44,
            "column": 6
          },
          "end": {
            "line": 45,
            "column": 15
          }
        },
        "type": "if",
        "locations": [
          {
            "start": {
              "line": 44,
              "column": 6
            },
            "end": {
              "line": 45,
              "column": 15
            }
          },
          {
            "start": {},
            "end": {}
          }
        ],
        "line": 44
      }
    },
    "s": {
      "0": 36,
      "1": 36,
      "2": 2,
      "3": 2,
      "4": 2,
      "5": 2,
      "6": 2,
      "7": 2,
      "8": 36,
      "9": 0,
      "10": 0,
      "11": 0,
      "12": 0,
      "13": 0,
      "14": 0,
      "15": 36,
      "16": 2,
      "17": 2,
      "18": 2,
      "19": 2,
      "20": 0,
      "21": 2,
      "22": 2,
      "23": 0,
      "24": 0,
      "25": 0,
      "26": 149,
      "27": 36
    },
    "f": {
      "0": 2,
      "1": 0,
      "2": 0,
      "3": 36,
      "4": 2,
      "5": 2,
      "6": 0,
      "7": 149
    },
    "b": {
      "0": [
        0,
        0
      ],
      "1": [
        0,
        0
      ],
      "2": [
        0,
        0
      ],
      "3": [
        0,
        2
      ]
    },
    "inputSourceMap": {
      "version": 3,
      "sources": [
        "/home/data/github/rsschool/graphiql-app/src/store/slice/querySlice.ts"
      ],
      "mappings": "AAAA,SAAoB,kBAAkB,mBAAkC;AAExE,SAAS,yBAAyB;AAClC,SAAS,0BAA0B;AAEnC,SAAS,iBAAiB;AAU1B,MAAM,eAAuB;AAAA,EAC3B,QAAQ,CAAC;AAAA,EACT,MAAM,CAAC;AAAA,EACP,QAAQ;AAAA,EACR,QAAQ;AAAA,EACR,WAAW;AACb;AAEO,aAAM,YAAY,iBAAiB,oBAAoB,OAAO,SAAiB;AACpF,MAAI,SAAwB;AAE5B,QAAM,iBAAiB,kBAAkB;AAAA,IACvC,UAAU;AAAA,EACZ,CAAC;AAED,QAAM,iBAAiB;AAAA,IACrB,QAAQ,MAAM,mBAAmB,cAAc;AAAA,EACjD;AAEA,QAAM,SAAS,eAAe,OAAO,aAAa,GAAG,UAAU;AAK/D,WAAS,UAAU,MAAM;AAEzB,SAAO;AACT,CAAC;AAED,MAAM,aAAa,YAAY;AAAA,EAC7B,MAAM;AAAA,EACN;AAAA,EACA,UAAU;AAAA,IACR,UAAU,OAAO,EAAE,QAAQ,GAA0B;AACnD,YAAM,MAAM,OAAO,QAAQ,MAAM,MAAM,EAAE,OAAO,CAAC,OAAO,GAAG,CAAC,EAAE,SAAS,OAAO;AAC9E,YAAM,MAAM,OAAO,YAAY,GAAG;AAClC,YAAM,OAAO,UAAU,IAAI,CAAC,EAAE,CAAC,IAAI;AACnC,YAAM,SAAS,UAAU,IAAI,CAAC,EAAE,CAAC,EAAE,OAAO;AAE1C,YAAM,OAAO,UACT;AAAA,QACE,CAAC,IAAI,GAAG,IAAI,IAAI;AAAA,MAClB,IACA,MAAM;AAAA,IACZ;AAAA,EACF;AAAA,EACA,eAAe,CAAC,YAAY;AAC1B,YACG,QAAQ,UAAU,SAAS,CAAC,UAAU;AACrC,YAAM,YAAY;AAAA,IACpB,CAAC,EACA,QAAQ,UAAU,WAAW,CAAC,OAAO,WAAW;AAC/C,YAAM,SAAS,OAAO;AACtB,YAAM,YAAY;AAClB,UAAI,CAAC;AAAQ;AAEb,YAAM,SAAS;AACf,YAAM,OAAO;AAAA,IACf,CAAC,EACA,WAAW,SAAS,CAAC,UAAU;AAC9B,YAAM,YAAY;AAClB,YAAM,OAAO,CAAC;AACd,YAAM,SAAS,CAAC;AAAA,IAClB,CAAC;AAAA,EACL;AACF,CAAC;AAED,SAAS,QAAQ,QAAmB;AAClC,SAAO,OAAO,KAAK,SAAS,UAAU;AACxC;AAEA,eAAe,WAAW;AAEnB,aAAM,EAAE,UAAU,IAAI,WAAW;",
      "names": []
    },
    "_coverageSchema": "1a1c01bbd47fc00a2c39e90264f33305004495a9",
    "hash": "adb9445e70d5a0b61e97bd0206fb9c197e8dc196"
  },
  "/home/data/github/rsschool/graphiql-app/src/data/variable.ts": {
    "path": "/home/data/github/rsschool/graphiql-app/src/data/variable.ts",
    "statementMap": {
      "0": {
        "start": {
          "line": 1,
          "column": 30
        },
        "end": {
          "line": 1,
          "column": 33
        }
      },
      "1": {
        "start": {
          "line": 2,
          "column": 19
        },
        "end": {
          "line": 2,
          "column": 20
        }
      },
      "2": {
        "start": {
          "line": 3,
          "column": 24
        },
        "end": {
          "line": 3,
          "column": 61
        }
      },
      "3": {
        "start": {
          "line": 4,
          "column": 29
        },
        "end": {
          "line": 14,
          "column": 1
        }
      },
      "4": {
        "start": {
          "line": 15,
          "column": 26
        },
        "end": {
          "line": 19,
          "column": 1
        }
      },
      "5": {
        "start": {
          "line": 20,
          "column": 26
        },
        "end": {
          "line": 20,
          "column": 78
        }
      },
      "6": {
        "start": {
          "line": 21,
          "column": 21
        },
        "end": {
          "line": 21,
          "column": 28
        }
      },
      "7": {
        "start": {
          "line": 22,
          "column": 23
        },
        "end": {
          "line": 22,
          "column": 32
        }
      },
      "8": {
        "start": {
          "line": 23,
          "column": 20
        },
        "end": {
          "line": 23,
          "column": 26
        }
      }
    },
    "fnMap": {},
    "branchMap": {},
    "s": {
      "0": 36,
      "1": 36,
      "2": 36,
      "3": 36,
      "4": 36,
      "5": 36,
      "6": 36,
      "7": 36,
      "8": 36
    },
    "f": {},
    "b": {},
    "inputSourceMap": {
      "version": 3,
      "sources": [
        "/home/data/github/rsschool/graphiql-app/src/data/variable.ts"
      ],
      "mappings": "AAAO,aAAM,iBAAiB;AACvB,aAAM,MAAM;AACZ,aAAM,WAAW;AAEjB,aAAM,gBAAgB;AAAA;AAAA;AAAA;AAAA;AAAA;AAAA;AAAA;AAAA;AAAA;AAAA;AAYtB,aAAM,aAAa;AAAA,EACxB,SAAS;AAAA,EACT,SAAS;AAAA,EACT,QAAQ;AACV;AAMO,aAAM,aAAgC,CAAC,EAAE,KAAK,gBAAgB,OAAO,mBAAmB,CAAC;AAEzF,aAAM,QAAQ;AACd,aAAM,UAAU;AAChB,aAAM,OAAO;",
      "names": []
    },
    "_coverageSchema": "1a1c01bbd47fc00a2c39e90264f33305004495a9",
    "hash": "f51dba6fb812db562b0ac4f013bd3126fce72b09"
  },
  "/home/data/github/rsschool/graphiql-app/src/store/slice/endpointSlice.ts": {
    "path": "/home/data/github/rsschool/graphiql-app/src/store/slice/endpointSlice.ts",
    "statementMap": {
      "0": {
        "start": {
          "line": 3,
          "column": 21
        },
        "end": {
          "line": 5,
          "column": 1
        }
      },
      "1": {
        "start": {
          "line": 6,
          "column": 22
        },
        "end": {
          "line": 14,
          "column": 2
        }
      },
      "2": {
        "start": {
          "line": 11,
          "column": 6
        },
        "end": {
          "line": 11,
          "column": 38
        }
      },
      "3": {
        "start": {
          "line": 16,
          "column": 31
        },
        "end": {
          "line": 16,
          "column": 52
        }
      }
    },
    "fnMap": {
      "0": {
        "name": "(anonymous_0)",
        "decl": {
          "start": {
            "line": 10,
            "column": 4
          },
          "end": {
            "line": 10,
            "column": 5
          }
        },
        "loc": {
          "start": {
            "line": 10,
            "column": 31
          },
          "end": {
            "line": 12,
            "column": 5
          }
        },
        "line": 10
      }
    },
    "branchMap": {},
    "s": {
      "0": 36,
      "1": 36,
      "2": 36,
      "3": 36
    },
    "f": {
      "0": 36
    },
    "b": {},
    "inputSourceMap": {
      "version": 3,
      "sources": [
        "/home/data/github/rsschool/graphiql-app/src/store/slice/endpointSlice.ts"
      ],
      "mappings": "AAAA,SAAS,mBAAmB;AAE5B,SAAS,gBAAgB;AAMzB,MAAM,eAA2B;AAAA,EAC/B,UAAU;AACZ;AAEA,MAAM,gBAAgB,YAAY;AAAA,EAChC,MAAM;AAAA,EACN;AAAA,EACA,UAAU;AAAA,IACR,YAAY,OAAO,QAAQ;AACzB,YAAM,WAAW,OAAO;AAAA,IAC1B;AAAA,EACF;AACF,CAAC;AAED,eAAe,cAAc;AACtB,aAAM,EAAE,YAAY,IAAI,cAAc;",
      "names": []
    },
    "_coverageSchema": "1a1c01bbd47fc00a2c39e90264f33305004495a9",
    "hash": "21fbd69cdc02038026b4ef41806e1b6a67ed2f36"
  },
  "/home/data/github/rsschool/graphiql-app/src/store/slice/reqheadersSlice.ts": {
    "path": "/home/data/github/rsschool/graphiql-app/src/store/slice/reqheadersSlice.ts",
    "statementMap": {
      "0": {
        "start": {
          "line": 3,
          "column": 21
        },
        "end": {
          "line": 5,
          "column": 1
        }
      },
      "1": {
        "start": {
          "line": 6,
          "column": 24
        },
        "end": {
          "line": 14,
          "column": 2
        }
      },
      "2": {
        "start": {
          "line": 11,
          "column": 6
        },
        "end": {
          "line": 11,
          "column": 38
        }
      },
      "3": {
        "start": {
          "line": 16,
          "column": 33
        },
        "end": {
          "line": 16,
          "column": 56
        }
      }
    },
    "fnMap": {
      "0": {
        "name": "(anonymous_0)",
        "decl": {
          "start": {
            "line": 10,
            "column": 4
          },
          "end": {
            "line": 10,
            "column": 5
          }
        },
        "loc": {
          "start": {
            "line": 10,
            "column": 33
          },
          "end": {
            "line": 12,
            "column": 5
          }
        },
        "line": 10
      }
    },
    "branchMap": {},
    "s": {
      "0": 36,
      "1": 36,
      "2": 1,
      "3": 36
    },
    "f": {
      "0": 1
    },
    "b": {},
    "inputSourceMap": {
      "version": 3,
      "sources": [
        "/home/data/github/rsschool/graphiql-app/src/store/slice/reqheadersSlice.ts"
      ],
      "mappings": "AAAA,SAAS,mBAAmB;AAC5B,SAAS,kBAAmC;AAM5C,MAAM,eAAyB;AAAA,EAC7B,UAAU;AACZ;AAEA,MAAM,kBAAkB,YAAY;AAAA,EAClC,MAAM;AAAA,EACN;AAAA,EACA,UAAU;AAAA,IACR,cAAc,OAAO,QAAQ;AAC3B,YAAM,WAAW,OAAO;AAAA,IAC1B;AAAA,EACF;AACF,CAAC;AAED,eAAe,gBAAgB;AACxB,aAAM,EAAE,cAAc,IAAI,gBAAgB;",
      "names": []
    },
    "_coverageSchema": "1a1c01bbd47fc00a2c39e90264f33305004495a9",
    "hash": "f4287d882d0375317b2402235c26158366bd3509"
  },
  "/home/data/github/rsschool/graphiql-app/src/store/index.ts": {
    "path": "/home/data/github/rsschool/graphiql-app/src/store/index.ts",
    "statementMap": {
      "0": {
        "start": {
          "line": 6,
          "column": 21
        },
        "end": {
          "line": 13,
          "column": 2
        }
      }
    },
    "fnMap": {},
    "branchMap": {},
    "s": {
      "0": 36
    },
    "f": {},
    "b": {},
    "inputSourceMap": {
      "version": 3,
      "sources": [
        "/home/data/github/rsschool/graphiql-app/src/store/index.ts"
      ],
      "mappings": "AAAA,SAAS,sBAAsB;AAC/B,OAAO,mBAAmB;AAC1B,OAAO,kBAAkB;AACzB,OAAO,qBAAqB;AAC5B,OAAO,uBAAuB;AAEvB,aAAM,QAAQ,eAAe;AAAA,EAClC,SAAS;AAAA,IACP,SAAS;AAAA,IACT,OAAO;AAAA,IACP,UAAU;AAAA,IACV,YAAY;AAAA,EACd;AACF,CAAC;",
      "names": []
    },
    "_coverageSchema": "1a1c01bbd47fc00a2c39e90264f33305004495a9",
    "hash": "f0e7c9ced7e6c831c5c37c7d7e50a484fefb7e0d"
  },
  "/home/data/github/rsschool/graphiql-app/src/data/patterns.ts": {
    "path": "/home/data/github/rsschool/graphiql-app/src/data/patterns.ts",
    "statementMap": {
      "0": {
        "start": {
          "line": 1,
          "column": 23
        },
        "end": {
          "line": 9,
          "column": 1
        }
      }
    },
    "fnMap": {},
    "branchMap": {},
    "s": {
      "0": 36
    },
    "f": {},
    "b": {},
    "inputSourceMap": {
      "version": 3,
      "sources": [
        "/home/data/github/rsschool/graphiql-app/src/data/patterns.ts"
      ],
      "mappings": "AAAO,aAAM,UAAU;AAAA,EACrB,UAAU;AAAA,EACV,UAAU;AAAA;AAAA,EAEV,OAAO;AAAA,EACP,OAAO;AAAA,EACP,aAAa;AAAA,EACb,WAAW;AACb;",
      "names": []
    },
    "_coverageSchema": "1a1c01bbd47fc00a2c39e90264f33305004495a9",
    "hash": "0293d8a6f9534bfaa51382f15789d0d7debfe9d1"
  },
  "/home/data/github/rsschool/graphiql-app/src/utils/cookie.ts": {
    "path": "/home/data/github/rsschool/graphiql-app/src/utils/cookie.ts",
    "statementMap": {
      "0": {
        "start": {
          "line": 3,
          "column": 24
        },
        "end": {
          "line": 9,
          "column": 1
        }
      },
      "1": {
        "start": {
          "line": 4,
          "column": 18
        },
        "end": {
          "line": 7,
          "column": 3
        }
      },
      "2": {
        "start": {
          "line": 8,
          "column": 2
        },
        "end": {
          "line": 8,
          "column": 96
        }
      },
      "3": {
        "start": {
          "line": 10,
          "column": 24
        },
        "end": {
          "line": 19,
          "column": 1
        }
      },
      "4": {
        "start": {
          "line": 11,
          "column": 16
        },
        "end": {
          "line": 11,
          "column": 23
        }
      },
      "5": {
        "start": {
          "line": 12,
          "column": 18
        },
        "end": {
          "line": 17,
          "column": 3
        }
      },
      "6": {
        "start": {
          "line": 18,
          "column": 2
        },
        "end": {
          "line": 18,
          "column": 59
        }
      },
      "7": {
        "start": {
          "line": 20,
          "column": 27
        },
        "end": {
          "line": 22,
          "column": 1
        }
      },
      "8": {
        "start": {
          "line": 21,
          "column": 2
        },
        "end": {
          "line": 21,
          "column": 50
        }
      }
    },
    "fnMap": {
      "0": {
        "name": "(anonymous_0)",
        "decl": {
          "start": {
            "line": 3,
            "column": 24
          },
          "end": {
            "line": 3,
            "column": 25
          }
        },
        "loc": {
          "start": {
            "line": 3,
            "column": 35
          },
          "end": {
            "line": 9,
            "column": 1
          }
        },
        "line": 3
      },
      "1": {
        "name": "(anonymous_1)",
        "decl": {
          "start": {
            "line": 10,
            "column": 24
          },
          "end": {
            "line": 10,
            "column": 25
          }
        },
        "loc": {
          "start": {
            "line": 10,
            "column": 30
          },
          "end": {
            "line": 19,
            "column": 1
          }
        },
        "line": 10
      },
      "2": {
        "name": "(anonymous_2)",
        "decl": {
          "start": {
            "line": 20,
            "column": 27
          },
          "end": {
            "line": 20,
            "column": 28
          }
        },
        "loc": {
          "start": {
            "line": 20,
            "column": 33
          },
          "end": {
            "line": 22,
            "column": 1
          }
        },
        "line": 20
      }
    },
    "branchMap": {
      "0": {
        "loc": {
          "start": {
            "line": 18,
            "column": 9
          },
          "end": {
            "line": 18,
            "column": 58
          }
        },
        "type": "cond-expr",
        "locations": [
          {
            "start": {
              "line": 18,
              "column": 19
            },
            "end": {
              "line": 18,
              "column": 49
            }
          },
          {
            "start": {
              "line": 18,
              "column": 52
            },
            "end": {
              "line": 18,
              "column": 58
            }
          }
        ],
        "line": 18
      }
    },
    "s": {
      "0": 36,
      "1": 9,
      "2": 9,
      "3": 36,
      "4": 576,
      "5": 576,
      "6": 576,
      "7": 36,
      "8": 0
    },
    "f": {
      "0": 9,
      "1": 576,
      "2": 0
    },
    "b": {
      "0": [
        214,
        362
      ]
    },
    "inputSourceMap": {
      "version": 3,
      "sources": [
        "/home/data/github/rsschool/graphiql-app/src/utils/cookie.ts"
      ],
      "mappings": "AAAA,SAAS,eAAe;AACxB,SAAS,SAAS,MAAM,aAAa;AAE9B,aAAM,WAAW,CAAC,UAAkB;AACzC,QAAM,UAAU;AAAA,IACd,MAAM;AAAA,IACN,SAAS;AAAA,EACX;AACA,WAAS,SAAS,GAAG,SAAS,UAAU,QAAQ,QAAQ,SAAS,WAAW,QAAQ;AACtF;AAEO,aAAM,WAAW,MAAM;AAC5B,QAAM,QAAQ;AACd,QAAM,UAAU,SAAS,OAAO;AAAA,IAC9B,IAAI;AAAA;AAAA,MAEJ,QAAQ,cAAc,MAAM,QAAQ,QAAQ,OAAO,MAAM,IAAI,QAAQ;AAAA,IACvE;AAAA,EAAC;AACD,SAAO,UAAU,mBAAmB,QAAQ,CAAC,CAAC,IAAI;AACpD;AAEO,aAAM,cAAc,MAAM;AAC/B,WAAS,SAAS,GAAG,eAAe;AACtC;",
      "names": []
    },
    "_coverageSchema": "1a1c01bbd47fc00a2c39e90264f33305004495a9",
    "hash": "2fcf54d6e1bd880017224851d74bfc299ab8cf5c"
  },
  "/home/data/github/rsschool/graphiql-app/src/utils/firebase.ts": {
    "path": "/home/data/github/rsschool/graphiql-app/src/utils/firebase.ts",
    "statementMap": {
      "0": {
        "start": {
          "line": 10,
          "column": 23
        },
        "end": {
          "line": 17,
          "column": 1
        }
      },
      "1": {
        "start": {
          "line": 18,
          "column": 12
        },
        "end": {
          "line": 18,
          "column": 41
        }
      },
      "2": {
        "start": {
          "line": 19,
          "column": 13
        },
        "end": {
          "line": 19,
          "column": 25
        }
      },
      "3": {
        "start": {
          "line": 20,
          "column": 11
        },
        "end": {
          "line": 20,
          "column": 28
        }
      },
      "4": {
        "start": {
          "line": 21,
          "column": 23
        },
        "end": {
          "line": 30,
          "column": 1
        }
      },
      "5": {
        "start": {
          "line": 22,
          "column": 2
        },
        "end": {
          "line": 29,
          "column": 3
        }
      },
      "6": {
        "start": {
          "line": 23,
          "column": 16
        },
        "end": {
          "line": 23,
          "column": 71
        }
      },
      "7": {
        "start": {
          "line": 24,
          "column": 18
        },
        "end": {
          "line": 24,
          "column": 45
        }
      },
      "8": {
        "start": {
          "line": 25,
          "column": 4
        },
        "end": {
          "line": 25,
          "column": 20
        }
      },
      "9": {
        "start": {
          "line": 26,
          "column": 4
        },
        "end": {
          "line": 26,
          "column": 16
        }
      },
      "10": {
        "start": {
          "line": 28,
          "column": 4
        },
        "end": {
          "line": 28,
          "column": 17
        }
      },
      "11": {
        "start": {
          "line": 31,
          "column": 26
        },
        "end": {
          "line": 45,
          "column": 1
        }
      },
      "12": {
        "start": {
          "line": 32,
          "column": 2
        },
        "end": {
          "line": 44,
          "column": 3
        }
      },
      "13": {
        "start": {
          "line": 33,
          "column": 16
        },
        "end": {
          "line": 33,
          "column": 75
        }
      },
      "14": {
        "start": {
          "line": 34,
          "column": 17
        },
        "end": {
          "line": 34,
          "column": 25
        }
      },
      "15": {
        "start": {
          "line": 35,
          "column": 4
        },
        "end": {
          "line": 40,
          "column": 7
        }
      },
      "16": {
        "start": {
          "line": 41,
          "column": 4
        },
        "end": {
          "line": 41,
          "column": 16
        }
      },
      "17": {
        "start": {
          "line": 43,
          "column": 4
        },
        "end": {
          "line": 43,
          "column": 17
        }
      },
      "18": {
        "start": {
          "line": 46,
          "column": 24
        },
        "end": {
          "line": 49,
          "column": 1
        }
      },
      "19": {
        "start": {
          "line": 47,
          "column": 2
        },
        "end": {
          "line": 47,
          "column": 16
        }
      },
      "20": {
        "start": {
          "line": 48,
          "column": 2
        },
        "end": {
          "line": 48,
          "column": 16
        }
      },
      "21": {
        "start": {
          "line": 50,
          "column": 23
        },
        "end": {
          "line": 59,
          "column": 1
        }
      },
      "22": {
        "start": {
          "line": 51,
          "column": 2
        },
        "end": {
          "line": 58,
          "column": 3
        }
      },
      "23": {
        "start": {
          "line": 52,
          "column": 18
        },
        "end": {
          "line": 52,
          "column": 28
        }
      },
      "24": {
        "start": {
          "line": 53,
          "column": 4
        },
        "end": {
          "line": 54,
          "column": 19
        }
      },
      "25": {
        "start": {
          "line": 54,
          "column": 6
        },
        "end": {
          "line": 54,
          "column": 19
        }
      },
      "26": {
        "start": {
          "line": 55,
          "column": 4
        },
        "end": {
          "line": 55,
          "column": 16
        }
      },
      "27": {
        "start": {
          "line": 57,
          "column": 4
        },
        "end": {
          "line": 57,
          "column": 17
        }
      }
    },
    "fnMap": {
      "0": {
        "name": "(anonymous_0)",
        "decl": {
          "start": {
            "line": 21,
            "column": 23
          },
          "end": {
            "line": 21,
            "column": 24
          }
        },
        "loc": {
          "start": {
            "line": 21,
            "column": 50
          },
          "end": {
            "line": 30,
            "column": 1
          }
        },
        "line": 21
      },
      "1": {
        "name": "(anonymous_1)",
        "decl": {
          "start": {
            "line": 31,
            "column": 26
          },
          "end": {
            "line": 31,
            "column": 27
          }
        },
        "loc": {
          "start": {
            "line": 31,
            "column": 59
          },
          "end": {
            "line": 45,
            "column": 1
          }
        },
        "line": 31
      },
      "2": {
        "name": "(anonymous_2)",
        "decl": {
          "start": {
            "line": 46,
            "column": 24
          },
          "end": {
            "line": 46,
            "column": 25
          }
        },
        "loc": {
          "start": {
            "line": 46,
            "column": 30
          },
          "end": {
            "line": 49,
            "column": 1
          }
        },
        "line": 46
      },
      "3": {
        "name": "(anonymous_3)",
        "decl": {
          "start": {
            "line": 50,
            "column": 23
          },
          "end": {
            "line": 50,
            "column": 24
          }
        },
        "loc": {
          "start": {
            "line": 50,
            "column": 29
          },
          "end": {
            "line": 59,
            "column": 1
          }
        },
        "line": 50
      }
    },
    "branchMap": {
      "0": {
        "loc": {
          "start": {
            "line": 53,
            "column": 4
          },
          "end": {
            "line": 54,
            "column": 19
          }
        },
        "type": "if",
        "locations": [
          {
            "start": {
              "line": 53,
              "column": 4
            },
            "end": {
              "line": 54,
              "column": 19
            }
          },
          {
            "start": {},
            "end": {}
          }
        ],
        "line": 53
      }
    },
    "s": {
      "0": 36,
      "1": 36,
      "2": 36,
      "3": 36,
      "4": 36,
      "5": 9,
      "6": 9,
      "7": 9,
      "8": 9,
      "9": 9,
      "10": 0,
      "11": 36,
      "12": 0,
      "13": 0,
      "14": 0,
      "15": 0,
      "16": 0,
      "17": 0,
      "18": 36,
      "19": 0,
      "20": 0,
      "21": 36,
      "22": 576,
      "23": 576,
      "24": 576,
      "25": 362,
      "26": 214,
      "27": 0
    },
    "f": {
      "0": 9,
      "1": 0,
      "2": 0,
      "3": 576
    },
    "b": {
      "0": [
        362,
        214
      ]
    },
    "inputSourceMap": {
      "version": 3,
      "sources": [
        "/home/data/github/rsschool/graphiql-app/src/utils/firebase.ts"
      ],
      "mappings": "AAAA,SAAS,qBAAqB;AAC9B;AAAA,EACE;AAAA,EACA;AAAA,EACA;AAAA,EACA;AAAA,OACK;AACP,SAAS,QAAQ,YAAY,oBAAoB;AAEjD,SAAS,UAAU,aAAa,gBAAgB;AAEhD,MAAM,iBAAiB;AAAA,EACrB,QAAQ;AAAA,EACR,YAAY;AAAA,EACZ,WAAW;AAAA,EACX,eAAe;AAAA,EACf,mBAAmB;AAAA,EACnB,OAAO;AACT;AAEA,MAAM,MAAM,cAAc,cAAc;AACxC,MAAM,OAAO,QAAQ,GAAG;AACxB,MAAM,KAAK,aAAa,GAAG;AAEpB,aAAM,UAAU,OAAO,OAAe,aAAqB;AAChE,MAAI;AACF,UAAM,MAAM,MAAM,2BAA2B,MAAM,OAAO,QAAQ;AAClE,UAAM,QAAQ,MAAM,IAAI,KAAK,WAAW;AACxC,aAAS,KAAK;AACd,WAAO;AAAA,EACT,QAAE;AACA,WAAO;AAAA,EACT;AACF;AAEO,aAAM,aAAa,OAAO,MAAc,OAAe,aAAqB;AACjF,MAAI;AACF,UAAM,MAAM,MAAM,+BAA+B,MAAM,OAAO,QAAQ;AACtE,UAAM,OAAO,IAAI;AACjB,UAAM,OAAO,WAAW,IAAI,OAAO,GAAG;AAAA,MACpC,KAAK,KAAK;AAAA,MACV;AAAA,MACA,cAAc;AAAA,MACd;AAAA,IACF,CAAC;AACD,WAAO;AAAA,EACT,QAAE;AACA,WAAO;AAAA,EACT;AACF;AAEO,aAAM,WAAW,MAAM;AAC5B,cAAY;AACZ,UAAQ,IAAI;AACd;AAEO,aAAM,UAAU,MAAM;AAC3B,MAAI;AACF,UAAM,QAAQ,SAAS;AACvB,QAAI,CAAC;AAAO,aAAO;AACnB,WAAO;AAAA,EACT,QAAE;AACA,WAAO;AAAA,EACT;AACF;",
      "names": []
    },
    "_coverageSchema": "1a1c01bbd47fc00a2c39e90264f33305004495a9",
    "hash": "18d58214580abbbeb357e36d36d2736fc70d6644"
  },
  "/home/data/github/rsschool/graphiql-app/src/data/errors.ts": {
    "path": "/home/data/github/rsschool/graphiql-app/src/data/errors.ts",
    "statementMap": {
      "0": {
        "start": {
          "line": 1,
          "column": 29
        },
        "end": {
          "line": 7,
          "column": 1
        }
      }
    },
    "fnMap": {},
    "branchMap": {},
    "s": {
      "0": 36
    },
    "f": {},
    "b": {},
    "inputSourceMap": {
      "version": 3,
      "sources": [
        "/home/data/github/rsschool/graphiql-app/src/data/errors.ts"
      ],
      "mappings": "AAAO,aAAM,gBAAgB;AAAA,EAC3B,OAAO;AAAA,EACP,OAAO;AAAA,EACP,UAAU;AAAA,EACV,UAAU;AAAA,EACV,OAAO;AACT;",
      "names": []
    },
    "_coverageSchema": "1a1c01bbd47fc00a2c39e90264f33305004495a9",
    "hash": "1f6cad83eebbeb80750a73686a8a851ba021bafb"
  },
  "/home/data/github/rsschool/graphiql-app/src/utils/validate.ts": {
    "path": "/home/data/github/rsschool/graphiql-app/src/utils/validate.ts",
    "statementMap": {
      "0": {
        "start": {
          "line": 3,
          "column": 24
        },
        "end": {
          "line": 7,
          "column": 1
        }
      },
      "1": {
        "start": {
          "line": 4,
          "column": 17
        },
        "end": {
          "line": 4,
          "column": 43
        }
      },
      "2": {
        "start": {
          "line": 5,
          "column": 2
        },
        "end": {
          "line": 5,
          "column": 51
        }
      },
      "3": {
        "start": {
          "line": 6,
          "column": 2
        },
        "end": {
          "line": 6,
          "column": 16
        }
      }
    },
    "fnMap": {
      "0": {
        "name": "(anonymous_0)",
        "decl": {
          "start": {
            "line": 3,
            "column": 24
          },
          "end": {
            "line": 3,
            "column": 25
          }
        },
        "loc": {
          "start": {
            "line": 3,
            "column": 60
          },
          "end": {
            "line": 7,
            "column": 1
          }
        },
        "line": 3
      }
    },
    "branchMap": {
      "0": {
        "loc": {
          "start": {
            "line": 5,
            "column": 11
          },
          "end": {
            "line": 5,
            "column": 49
          }
        },
        "type": "cond-expr",
        "locations": [
          {
            "start": {
              "line": 5,
              "column": 20
            },
            "end": {
              "line": 5,
              "column": 39
            }
          },
          {
            "start": {
              "line": 5,
              "column": 42
            },
            "end": {
              "line": 5,
              "column": 49
            }
          }
        ],
        "line": 5
      }
    },
    "s": {
      "0": 36,
      "1": 18,
      "2": 18,
      "3": 18
    },
    "f": {
      "0": 18
    },
    "b": {
      "0": [
        18,
        0
      ]
    },
    "inputSourceMap": {
      "version": 3,
      "sources": [
        "/home/data/github/rsschool/graphiql-app/src/utils/validate.ts"
      ],
      "mappings": "AAAA,SAAS,qBAAqB;AAC9B,SAAS,eAAe;AAGjB,aAAM,WAAW,CACtB,KACA,UACA,QACA,YACG;AACH,QAAM,SAAS,IAAI,MAAM,QAAQ,MAAM,CAAC;AACxC,WAAS,SAAS,cAAc,QAAQ,OAAO;AAC/C,SAAO;AACT;",
      "names": []
    },
    "_coverageSchema": "1a1c01bbd47fc00a2c39e90264f33305004495a9",
    "hash": "f8869c1fd7f713bf24bc43d87aed33706a7cbbed"
  },
  "/home/data/github/rsschool/graphiql-app/src/data/types.ts": {
    "path": "/home/data/github/rsschool/graphiql-app/src/data/types.ts",
    "statementMap": {
      "0": {
        "start": {
          "line": 1,
          "column": 36
        },
        "end": {
          "line": 6,
          "column": 16
        }
      },
      "1": {
        "start": {
          "line": 2,
          "column": 2
        },
        "end": {
          "line": 2,
          "column": 24
        }
      },
      "2": {
        "start": {
          "line": 3,
          "column": 2
        },
        "end": {
          "line": 3,
          "column": 30
        }
      },
      "3": {
        "start": {
          "line": 4,
          "column": 2
        },
        "end": {
          "line": 4,
          "column": 26
        }
      },
      "4": {
        "start": {
          "line": 5,
          "column": 2
        },
        "end": {
          "line": 5,
          "column": 17
        }
      },
      "5": {
        "start": {
          "line": 7,
          "column": 39
        },
        "end": {
          "line": 12,
          "column": 19
        }
      },
      "6": {
        "start": {
          "line": 8,
          "column": 2
        },
        "end": {
          "line": 8,
          "column": 32
        }
      },
      "7": {
        "start": {
          "line": 9,
          "column": 2
        },
        "end": {
          "line": 9,
          "column": 38
        }
      },
      "8": {
        "start": {
          "line": 10,
          "column": 2
        },
        "end": {
          "line": 10,
          "column": 38
        }
      },
      "9": {
        "start": {
          "line": 11,
          "column": 2
        },
        "end": {
          "line": 11,
          "column": 20
        }
      }
    },
    "fnMap": {
      "0": {
        "name": "(anonymous_0)",
        "decl": {
          "start": {
            "line": 1,
            "column": 37
          },
          "end": {
            "line": 1,
            "column": 38
          }
        },
        "loc": {
          "start": {
            "line": 1,
            "column": 50
          },
          "end": {
            "line": 6,
            "column": 1
          }
        },
        "line": 1
      },
      "1": {
        "name": "(anonymous_1)",
        "decl": {
          "start": {
            "line": 7,
            "column": 40
          },
          "end": {
            "line": 7,
            "column": 41
          }
        },
        "loc": {
          "start": {
            "line": 7,
            "column": 56
          },
          "end": {
            "line": 12,
            "column": 1
          }
        },
        "line": 7
      }
    },
    "branchMap": {
      "0": {
        "loc": {
          "start": {
            "line": 6,
            "column": 3
          },
          "end": {
            "line": 6,
            "column": 15
          }
        },
        "type": "binary-expr",
        "locations": [
          {
            "start": {
              "line": 6,
              "column": 3
            },
            "end": {
              "line": 6,
              "column": 9
            }
          },
          {
            "start": {
              "line": 6,
              "column": 13
            },
            "end": {
              "line": 6,
              "column": 15
            }
          }
        ],
        "line": 6
      },
      "1": {
        "loc": {
          "start": {
            "line": 12,
            "column": 3
          },
          "end": {
            "line": 12,
            "column": 18
          }
        },
        "type": "binary-expr",
        "locations": [
          {
            "start": {
              "line": 12,
              "column": 3
            },
            "end": {
              "line": 12,
              "column": 12
            }
          },
          {
            "start": {
              "line": 12,
              "column": 16
            },
            "end": {
              "line": 12,
              "column": 18
            }
          }
        ],
        "line": 12
      }
    },
    "s": {
      "0": 36,
      "1": 36,
      "2": 36,
      "3": 36,
      "4": 36,
      "5": 36,
      "6": 36,
      "7": 36,
      "8": 36,
      "9": 36
    },
    "f": {
      "0": 36,
      "1": 36
    },
    "b": {
      "0": [
        36,
        36
      ],
      "1": [
        36,
        36
      ]
    },
    "inputSourceMap": {
      "version": 3,
      "sources": [
        "/home/data/github/rsschool/graphiql-app/src/data/types.ts"
      ],
      "mappings": "AAAO,WAAK,SAAL,kBAAKA,YAAL;AACL,EAAAA,QAAA,UAAO;AACP,EAAAA,QAAA,WAAQ;AACR,EAAAA,QAAA,SAAM;AAHI,SAAAA;AAAA,GAAA;AAML,WAAK,YAAL,kBAAKC,eAAL;AACL,EAAAA,WAAA,WAAQ;AACR,EAAAA,WAAA,cAAW;AACX,EAAAA,WAAA,cAAW;AAHD,SAAAA;AAAA,GAAA;",
      "names": [
        "EPages",
        "EValidate"
      ]
    },
    "_coverageSchema": "1a1c01bbd47fc00a2c39e90264f33305004495a9",
    "hash": "f302f24f4aff22603f6750f82cafd7805af50dcb"
  },
  "/home/data/github/rsschool/graphiql-app/src/components/auth/Register.tsx": {
    "path": "/home/data/github/rsschool/graphiql-app/src/components/auth/Register.tsx",
    "statementMap": {
      "0": {
        "start": {
          "line": 5,
          "column": 0
        },
        "end": {
          "line": 15,
          "column": 1
        }
      },
      "1": {
        "start": {
          "line": 6,
          "column": 2
        },
        "end": {
          "line": 8,
          "column": 3
        }
      },
      "2": {
        "start": {
          "line": 7,
          "column": 4
        },
        "end": {
          "line": 7,
          "column": 165
        }
      },
      "3": {
        "start": {
          "line": 9,
          "column": 2
        },
        "end": {
          "line": 9,
          "column": 39
        }
      },
      "4": {
        "start": {
          "line": 10,
          "column": 2
        },
        "end": {
          "line": 10,
          "column": 39
        }
      },
      "5": {
        "start": {
          "line": 11,
          "column": 2
        },
        "end": {
          "line": 13,
          "column": 4
        }
      },
      "6": {
        "start": {
          "line": 12,
          "column": 4
        },
        "end": {
          "line": 12,
          "column": 116
        }
      },
      "7": {
        "start": {
          "line": 14,
          "column": 2
        },
        "end": {
          "line": 14,
          "column": 75
        }
      },
      "8": {
        "start": {
          "line": 16,
          "column": 9
        },
        "end": {
          "line": 16,
          "column": 23
        }
      },
      "9": {
        "start": {
          "line": 26,
          "column": 24
        },
        "end": {
          "line": 191,
          "column": 1
        }
      },
      "10": {
        "start": {
          "line": 29,
          "column": 2
        },
        "end": {
          "line": 29,
          "column": 7
        }
      },
      "11": {
        "start": {
          "line": 30,
          "column": 19
        },
        "end": {
          "line": 30,
          "column": 32
        }
      },
      "12": {
        "start": {
          "line": 31,
          "column": 26
        },
        "end": {
          "line": 31,
          "column": 38
        }
      },
      "13": {
        "start": {
          "line": 32,
          "column": 36
        },
        "end": {
          "line": 32,
          "column": 48
        }
      },
      "14": {
        "start": {
          "line": 33,
          "column": 28
        },
        "end": {
          "line": 33,
          "column": 40
        }
      },
      "15": {
        "start": {
          "line": 34,
          "column": 38
        },
        "end": {
          "line": 34,
          "column": 50
        }
      },
      "16": {
        "start": {
          "line": 35,
          "column": 34
        },
        "end": {
          "line": 35,
          "column": 46
        }
      },
      "17": {
        "start": {
          "line": 36,
          "column": 44
        },
        "end": {
          "line": 36,
          "column": 56
        }
      },
      "18": {
        "start": {
          "line": 39,
          "column": 6
        },
        "end": {
          "line": 39,
          "column": 22
        }
      },
      "19": {
        "start": {
          "line": 40,
          "column": 2
        },
        "end": {
          "line": 47,
          "column": 48
        }
      },
      "20": {
        "start": {
          "line": 41,
          "column": 4
        },
        "end": {
          "line": 42,
          "column": 37
        }
      },
      "21": {
        "start": {
          "line": 42,
          "column": 6
        },
        "end": {
          "line": 42,
          "column": 37
        }
      },
      "22": {
        "start": {
          "line": 43,
          "column": 4
        },
        "end": {
          "line": 44,
          "column": 39
        }
      },
      "23": {
        "start": {
          "line": 44,
          "column": 6
        },
        "end": {
          "line": 44,
          "column": 39
        }
      },
      "24": {
        "start": {
          "line": 45,
          "column": 4
        },
        "end": {
          "line": 46,
          "column": 43
        }
      },
      "25": {
        "start": {
          "line": 46,
          "column": 6
        },
        "end": {
          "line": 46,
          "column": 43
        }
      },
      "26": {
        "start": {
          "line": 48,
          "column": 23
        },
        "end": {
          "line": 59,
          "column": 3
        }
      },
      "27": {
        "start": {
          "line": 49,
          "column": 4
        },
        "end": {
          "line": 49,
          "column": 23
        }
      },
      "28": {
        "start": {
          "line": 50,
          "column": 23
        },
        "end": {
          "line": 50,
          "column": 222
        }
      },
      "29": {
        "start": {
          "line": 51,
          "column": 4
        },
        "end": {
          "line": 52,
          "column": 13
        }
      },
      "30": {
        "start": {
          "line": 51,
          "column": 34
        },
        "end": {
          "line": 51,
          "column": 36
        }
      },
      "31": {
        "start": {
          "line": 52,
          "column": 6
        },
        "end": {
          "line": 52,
          "column": 13
        }
      },
      "32": {
        "start": {
          "line": 53,
          "column": 4
        },
        "end": {
          "line": 58,
          "column": 5
        }
      },
      "33": {
        "start": {
          "line": 54,
          "column": 6
        },
        "end": {
          "line": 54,
          "column": 96
        }
      },
      "34": {
        "start": {
          "line": 54,
          "column": 57
        },
        "end": {
          "line": 54,
          "column": 94
        }
      },
      "35": {
        "start": {
          "line": 54,
          "column": 74
        },
        "end": {
          "line": 54,
          "column": 88
        }
      },
      "36": {
        "start": {
          "line": 55,
          "column": 6
        },
        "end": {
          "line": 55,
          "column": 40
        }
      },
      "37": {
        "start": {
          "line": 57,
          "column": 6
        },
        "end": {
          "line": 57,
          "column": 40
        }
      },
      "38": {
        "start": {
          "line": 60,
          "column": 22
        },
        "end": {
          "line": 62,
          "column": 3
        }
      },
      "39": {
        "start": {
          "line": 61,
          "column": 4
        },
        "end": {
          "line": 61,
          "column": 26
        }
      },
      "40": {
        "start": {
          "line": 63,
          "column": 2
        },
        "end": {
          "line": 190,
          "column": 11
        }
      },
      "41": {
        "start": {
          "line": 69,
          "column": 77
        },
        "end": {
          "line": 69,
          "column": 96
        }
      },
      "42": {
        "start": {
          "line": 88,
          "column": 101
        },
        "end": {
          "line": 88,
          "column": 124
        }
      },
      "43": {
        "start": {
          "line": 111,
          "column": 100
        },
        "end": {
          "line": 111,
          "column": 124
        }
      },
      "44": {
        "start": {
          "line": 136,
          "column": 109
        },
        "end": {
          "line": 136,
          "column": 136
        }
      },
      "45": {
        "start": {
          "line": 163,
          "column": 58
        },
        "end": {
          "line": 163,
          "column": 72
        }
      },
      "46": {
        "start": {
          "line": 192,
          "column": 0
        },
        "end": {
          "line": 194,
          "column": 3
        }
      },
      "47": {
        "start": {
          "line": 193,
          "column": 2
        },
        "end": {
          "line": 193,
          "column": 39
        }
      },
      "48": {
        "start": {
          "line": 195,
          "column": 0
        },
        "end": {
          "line": 195,
          "column": 14
        }
      },
      "49": {
        "start": {
          "line": 197,
          "column": 0
        },
        "end": {
          "line": 197,
          "column": 29
        }
      },
      "50": {
        "start": {
          "line": 198,
          "column": 0
        },
        "end": {
          "line": 211,
          "column": 1
        }
      },
      "51": {
        "start": {
          "line": 199,
          "column": 2
        },
        "end": {
          "line": 199,
          "column": 39
        }
      },
      "52": {
        "start": {
          "line": 200,
          "column": 2
        },
        "end": {
          "line": 200,
          "column": 39
        }
      },
      "53": {
        "start": {
          "line": 201,
          "column": 2
        },
        "end": {
          "line": 210,
          "column": 5
        }
      },
      "54": {
        "start": {
          "line": 202,
          "column": 4
        },
        "end": {
          "line": 202,
          "column": 142
        }
      },
      "55": {
        "start": {
          "line": 203,
          "column": 4
        },
        "end": {
          "line": 209,
          "column": 7
        }
      },
      "56": {
        "start": {
          "line": 204,
          "column": 6
        },
        "end": {
          "line": 205,
          "column": 15
        }
      },
      "57": {
        "start": {
          "line": 205,
          "column": 8
        },
        "end": {
          "line": 205,
          "column": 15
        }
      },
      "58": {
        "start": {
          "line": 206,
          "column": 32
        },
        "end": {
          "line": 206,
          "column": 115
        }
      },
      "59": {
        "start": {
          "line": 207,
          "column": 6
        },
        "end": {
          "line": 208,
          "column": 54
        }
      },
      "60": {
        "start": {
          "line": 208,
          "column": 8
        },
        "end": {
          "line": 208,
          "column": 54
        }
      }
    },
    "fnMap": {
      "0": {
        "name": "(anonymous_0)",
        "decl": {
          "start": {
            "line": 11,
            "column": 24
          },
          "end": {
            "line": 11,
            "column": 25
          }
        },
        "loc": {
          "start": {
            "line": 11,
            "column": 38
          },
          "end": {
            "line": 13,
            "column": 3
          }
        },
        "line": 11
      },
      "1": {
        "name": "(anonymous_1)",
        "decl": {
          "start": {
            "line": 26,
            "column": 24
          },
          "end": {
            "line": 26,
            "column": 25
          }
        },
        "loc": {
          "start": {
            "line": 28,
            "column": 6
          },
          "end": {
            "line": 191,
            "column": 1
          }
        },
        "line": 28
      },
      "2": {
        "name": "(anonymous_2)",
        "decl": {
          "start": {
            "line": 40,
            "column": 12
          },
          "end": {
            "line": 40,
            "column": 13
          }
        },
        "loc": {
          "start": {
            "line": 40,
            "column": 18
          },
          "end": {
            "line": 47,
            "column": 3
          }
        },
        "line": 40
      },
      "3": {
        "name": "(anonymous_3)",
        "decl": {
          "start": {
            "line": 48,
            "column": 23
          },
          "end": {
            "line": 48,
            "column": 24
          }
        },
        "loc": {
          "start": {
            "line": 48,
            "column": 36
          },
          "end": {
            "line": 59,
            "column": 3
          }
        },
        "line": 48
      },
      "4": {
        "name": "(anonymous_4)",
        "decl": {
          "start": {
            "line": 51,
            "column": 26
          },
          "end": {
            "line": 51,
            "column": 27
          }
        },
        "loc": {
          "start": {
            "line": 51,
            "column": 34
          },
          "end": {
            "line": 51,
            "column": 36
          }
        },
        "line": 51
      },
      "5": {
        "name": "(anonymous_5)",
        "decl": {
          "start": {
            "line": 54,
            "column": 51
          },
          "end": {
            "line": 54,
            "column": 52
          }
        },
        "loc": {
          "start": {
            "line": 54,
            "column": 57
          },
          "end": {
            "line": 54,
            "column": 94
          }
        },
        "line": 54
      },
      "6": {
        "name": "(anonymous_6)",
        "decl": {
          "start": {
            "line": 54,
            "column": 68
          },
          "end": {
            "line": 54,
            "column": 69
          }
        },
        "loc": {
          "start": {
            "line": 54,
            "column": 74
          },
          "end": {
            "line": 54,
            "column": 88
          }
        },
        "line": 54
      },
      "7": {
        "name": "(anonymous_7)",
        "decl": {
          "start": {
            "line": 60,
            "column": 22
          },
          "end": {
            "line": 60,
            "column": 23
          }
        },
        "loc": {
          "start": {
            "line": 60,
            "column": 28
          },
          "end": {
            "line": 62,
            "column": 3
          }
        },
        "line": 60
      },
      "8": {
        "name": "(anonymous_8)",
        "decl": {
          "start": {
            "line": 69,
            "column": 70
          },
          "end": {
            "line": 69,
            "column": 71
          }
        },
        "loc": {
          "start": {
            "line": 69,
            "column": 77
          },
          "end": {
            "line": 69,
            "column": 96
          }
        },
        "line": 69
      },
      "9": {
        "name": "(anonymous_9)",
        "decl": {
          "start": {
            "line": 88,
            "column": 94
          },
          "end": {
            "line": 88,
            "column": 95
          }
        },
        "loc": {
          "start": {
            "line": 88,
            "column": 101
          },
          "end": {
            "line": 88,
            "column": 124
          }
        },
        "line": 88
      },
      "10": {
        "name": "(anonymous_10)",
        "decl": {
          "start": {
            "line": 111,
            "column": 93
          },
          "end": {
            "line": 111,
            "column": 94
          }
        },
        "loc": {
          "start": {
            "line": 111,
            "column": 100
          },
          "end": {
            "line": 111,
            "column": 124
          }
        },
        "line": 111
      },
      "11": {
        "name": "(anonymous_11)",
        "decl": {
          "start": {
            "line": 136,
            "column": 102
          },
          "end": {
            "line": 136,
            "column": 103
          }
        },
        "loc": {
          "start": {
            "line": 136,
            "column": 109
          },
          "end": {
            "line": 136,
            "column": 136
          }
        },
        "line": 136
      },
      "12": {
        "name": "(anonymous_12)",
        "decl": {
          "start": {
            "line": 163,
            "column": 52
          },
          "end": {
            "line": 163,
            "column": 53
          }
        },
        "loc": {
          "start": {
            "line": 163,
            "column": 58
          },
          "end": {
            "line": 163,
            "column": 72
          }
        },
        "line": 163
      },
      "13": {
        "name": "(anonymous_13)",
        "decl": {
          "start": {
            "line": 192,
            "column": 52
          },
          "end": {
            "line": 192,
            "column": 53
          }
        },
        "loc": {
          "start": {
            "line": 192,
            "column": 63
          },
          "end": {
            "line": 194,
            "column": 1
          }
        },
        "line": 192
      },
      "14": {
        "name": "(anonymous_14)",
        "decl": {
          "start": {
            "line": 201,
            "column": 52
          },
          "end": {
            "line": 201,
            "column": 53
          }
        },
        "loc": {
          "start": {
            "line": 201,
            "column": 72
          },
          "end": {
            "line": 210,
            "column": 3
          }
        },
        "line": 201
      },
      "15": {
        "name": "(anonymous_15)",
        "decl": {
          "start": {
            "line": 203,
            "column": 27
          },
          "end": {
            "line": 203,
            "column": 28
          }
        },
        "loc": {
          "start": {
            "line": 203,
            "column": 44
          },
          "end": {
            "line": 209,
            "column": 5
          }
        },
        "line": 203
      }
    },
    "branchMap": {
      "0": {
        "loc": {
          "start": {
            "line": 5,
            "column": 0
          },
          "end": {
            "line": 15,
            "column": 1
          }
        },
        "type": "if",
        "locations": [
          {
            "start": {
              "line": 5,
              "column": 0
            },
            "end": {
              "line": 15,
              "column": 1
            }
          },
          {
            "start": {},
            "end": {}
          }
        ],
        "line": 5
      },
      "1": {
        "loc": {
          "start": {
            "line": 6,
            "column": 2
          },
          "end": {
            "line": 8,
            "column": 3
          }
        },
        "type": "if",
        "locations": [
          {
            "start": {
              "line": 6,
              "column": 2
            },
            "end": {
              "line": 8,
              "column": 3
            }
          },
          {
            "start": {},
            "end": {}
          }
        ],
        "line": 6
      },
      "2": {
        "loc": {
          "start": {
            "line": 41,
            "column": 4
          },
          "end": {
            "line": 42,
            "column": 37
          }
        },
        "type": "if",
        "locations": [
          {
            "start": {
              "line": 41,
              "column": 4
            },
            "end": {
              "line": 42,
              "column": 37
            }
          },
          {
            "start": {},
            "end": {}
          }
        ],
        "line": 41
      },
      "3": {
        "loc": {
          "start": {
            "line": 43,
            "column": 4
          },
          "end": {
            "line": 44,
            "column": 39
          }
        },
        "type": "if",
        "locations": [
          {
            "start": {
              "line": 43,
              "column": 4
            },
            "end": {
              "line": 44,
              "column": 39
            }
          },
          {
            "start": {},
            "end": {}
          }
        ],
        "line": 43
      },
      "4": {
        "loc": {
          "start": {
            "line": 45,
            "column": 4
          },
          "end": {
            "line": 46,
            "column": 43
          }
        },
        "type": "if",
        "locations": [
          {
            "start": {
              "line": 45,
              "column": 4
            },
            "end": {
              "line": 46,
              "column": 43
            }
          },
          {
            "start": {},
            "end": {}
          }
        ],
        "line": 45
      },
      "5": {
        "loc": {
          "start": {
            "line": 51,
            "column": 4
          },
          "end": {
            "line": 52,
            "column": 13
          }
        },
        "type": "if",
        "locations": [
          {
            "start": {
              "line": 51,
              "column": 4
            },
            "end": {
              "line": 52,
              "column": 13
            }
          },
          {
            "start": {},
            "end": {}
          }
        ],
        "line": 51
      },
      "6": {
        "loc": {
          "start": {
            "line": 198,
            "column": 0
          },
          "end": {
            "line": 211,
            "column": 1
          }
        },
        "type": "if",
        "locations": [
          {
            "start": {
              "line": 198,
              "column": 0
            },
            "end": {
              "line": 211,
              "column": 1
            }
          },
          {
            "start": {},
            "end": {}
          }
        ],
        "line": 198
      },
      "7": {
        "loc": {
          "start": {
            "line": 204,
            "column": 6
          },
          "end": {
            "line": 205,
            "column": 15
          }
        },
        "type": "if",
        "locations": [
          {
            "start": {
              "line": 204,
              "column": 6
            },
            "end": {
              "line": 205,
              "column": 15
            }
          },
          {
            "start": {},
            "end": {}
          }
        ],
        "line": 204
      },
      "8": {
        "loc": {
          "start": {
            "line": 207,
            "column": 6
          },
          "end": {
            "line": 208,
            "column": 54
          }
        },
        "type": "if",
        "locations": [
          {
            "start": {
              "line": 207,
              "column": 6
            },
            "end": {
              "line": 208,
              "column": 54
            }
          },
          {
            "start": {},
            "end": {}
          }
        ],
        "line": 207
      }
    },
    "s": {
      "0": 36,
      "1": 36,
      "2": 0,
      "3": 36,
      "4": 36,
      "5": 36,
      "6": 36,
      "7": 36,
      "8": 36,
      "9": 36,
      "10": 108,
      "11": 108,
      "12": 108,
      "13": 108,
      "14": 108,
      "15": 108,
      "16": 108,
      "17": 108,
      "18": 108,
      "19": 108,
      "20": 12,
      "21": 0,
      "22": 12,
      "23": 0,
      "24": 12,
      "25": 0,
[...]
            }
          },
          {
            "start": {
              "line": 37,
              "column": 24
            },
            "end": {
              "line": 41,
              "column": 10
            }
          }
        ],
        "line": 33
      },
      "3": {
        "loc": {
          "start": {
            "line": 33,
            "column": 33
          },
          "end": {
            "line": 37,
            "column": 21
          }
        },
        "type": "cond-expr",
        "locations": [
          {
            "start": {
              "line": 33,
              "column": 58
            },
            "end": {
              "line": 37,
              "column": 10
            }
          },
          {
            "start": {
              "line": 37,
              "column": 13
            },
            "end": {
              "line": 37,
              "column": 21
            }
          }
        ],
        "line": 33
      },
      "4": {
        "loc": {
          "start": {
            "line": 37,
            "column": 24
          },
          "end": {
            "line": 41,
            "column": 10
          }
        },
        "type": "cond-expr",
        "locations": [
          {
            "start": {
              "line": 37,
              "column": 33
            },
            "end": {
              "line": 37,
              "column": 41
            }
          },
          {
            "start": {
              "line": 37,
              "column": 60
            },
            "end": {
              "line": 41,
              "column": 10
            }
          }
        ],
        "line": 37
      },
      "5": {
        "loc": {
          "start": {
            "line": 42,
            "column": 51
          },
          "end": {
            "line": 46,
            "column": 23
          }
        },
        "type": "cond-expr",
        "locations": [
          {
            "start": {
              "line": 42,
              "column": 79
            },
            "end": {
              "line": 46,
              "column": 10
            }
          },
          {
            "start": {
              "line": 46,
              "column": 13
            },
            "end": {
              "line": 46,
              "column": 23
            }
          }
        ],
        "line": 42
      },
      "6": {
        "loc": {
          "start": {
            "line": 56,
            "column": 0
          },
          "end": {
            "line": 69,
            "column": 1
          }
        },
        "type": "if",
        "locations": [
          {
            "start": {
              "line": 56,
              "column": 0
            },
            "end": {
              "line": 69,
              "column": 1
            }
          },
          {
            "start": {},
            "end": {}
          }
        ],
        "line": 56
      },
      "7": {
        "loc": {
          "start": {
            "line": 62,
            "column": 6
          },
          "end": {
            "line": 63,
            "column": 15
          }
        },
        "type": "if",
        "locations": [
          {
            "start": {
              "line": 62,
              "column": 6
            },
            "end": {
              "line": 63,
              "column": 15
            }
          },
          {
            "start": {},
            "end": {}
          }
        ],
        "line": 62
      },
      "8": {
        "loc": {
          "start": {
            "line": 65,
            "column": 6
          },
          "end": {
            "line": 66,
            "column": 54
          }
        },
        "type": "if",
        "locations": [
          {
            "start": {
              "line": 65,
              "column": 6
            },
            "end": {
              "line": 66,
              "column": 54
            }
          },
          {
            "start": {},
            "end": {}
          }
        ],
        "line": 65
      }
    },
    "s": {
      "0": 36,
      "1": 36,
      "2": 0,
      "3": 36,
      "4": 36,
      "5": 36,
      "6": 36,
      "7": 36,
      "8": 36,
      "9": 36,
      "10": 170,
      "11": 170,
      "12": 170,
      "13": 170,
      "14": 170,
      "15": 59,
      "16": 59,
      "17": 170,
      "18": 170,
      "19": 36,
      "20": 36,
      "21": 36,
      "22": 36,
      "23": 36,
      "24": 36,
      "25": 36,
      "26": 35,
      "27": 35,
      "28": 0,
      "29": 0,
      "30": 0,
      "31": 0,
      "32": 0
    },
    "f": {
      "0": 36,
      "1": 170,
      "2": 59,
      "3": 35,
      "4": 0
    },
    "b": {
      "0": [
        36,
        0
      ],
      "1": [
        0,
        36
      ],
      "2": [
        90,
        80
      ],
      "3": [
        18,
        72
      ],
      "4": [
        32,
        48
      ],
      "5": [
        66,
        104
      ],
      "6": [
        36,
        0
      ],
      "7": [
        0,
        0
      ],
      "8": [
        0,
        0
      ]
    },
    "inputSourceMap": {
      "version": 3,
      "mappings": "AAuBM;;;;;;;;;;;;;;;;AAvBN,SAASA,UAAUC,iBAAiB;AACpC,SAASC,eAAe;AACxB,SAASC,gBAAgB;AASlB,aAAMC,eAAeA,CAAC;AAAA,EAAEC;AAAAA,EAAUC;AAAAA,EAAWC;AAAiB,MAAM;AAAAC,KAAA;AACzE,QAAM,CAACC,WAAWC,UAAU,IAAIV,SAAS,IAAI;AAC7C,QAAM,CAACW,QAAQC,OAAO,IAAIZ,SAAS,KAAK;AACxC,QAAMa,SAASX,QAAQ;AAEvBD,YAAU,MAAM;AACdW,YAAQC,MAAM;AACdH,eAAW,KAAK;AAAA,EAClB,GAAG,CAACG,MAAM,CAAC;AAEX,QAAMC,aAAaR,YACjBK,SACE,uBAAC,YAAS,IAAIJ,YAAd;AAAA;AAAA;AAAA;AAAA,SAAuB,IAEvBF,WAEAM,SACFN,WAEA,uBAAC,YAAS,IAAIE,YAAd;AAAA;AAAA;AAAA;AAAA,SAAuB;AAGzB,SAAO,uBAAC,SAAKE,sBAAY,uBAAC,OAAE,0BAAH;AAAA;AAAA;AAAA;AAAA,SAAa,IAAOK,cAAtC;AAAA;AAAA;AAAA;AAAA,SAAiD;AAC1D;AAAEN,GAvBWJ,cAAY;AAAAW,KAAZX;AAAY,IAAAW;AAAAC,aAAAD,IAAA",
      "names": [
        "useState",
        "useEffect",
        "fbCheck",
        "Navigate",
        "PrivateRoute",
        "children",
        "forAnonim",
        "redirect",
        "_s",
        "isLoading",
        "setLoading",
        "isWell",
        "setWell",
        "result",
        "CheckToken",
        "_c",
        "$RefreshReg$"
      ],
      "sources": [
        "/home/data/github/rsschool/graphiql-app/src/hoc/PrivateRoute.tsx"
      ],
      "file": "/home/data/github/rsschool/graphiql-app/src/hoc/PrivateRoute.tsx"
    },
    "_coverageSchema": "1a1c01bbd47fc00a2c39e90264f33305004495a9",
    "hash": "f005eca0bbfdd14533af0ccbf219fcaccad10441"
  },
  "/home/data/github/rsschool/graphiql-app/src/App.tsx": {
    "path": "/home/data/github/rsschool/graphiql-app/src/App.tsx",
    "statementMap": {
      "0": {
        "start": {
          "line": 5,
          "column": 0
        },
        "end": {
          "line": 15,
          "column": 1
        }
      },
      "1": {
        "start": {
          "line": 6,
          "column": 2
        },
        "end": {
          "line": 8,
          "column": 3
        }
      },
      "2": {
        "start": {
          "line": 7,
          "column": 4
        },
        "end": {
          "line": 7,
          "column": 165
        }
      },
      "3": {
        "start": {
          "line": 9,
          "column": 2
        },
        "end": {
          "line": 9,
          "column": 39
        }
      },
      "4": {
        "start": {
          "line": 10,
          "column": 2
        },
        "end": {
          "line": 10,
          "column": 39
        }
      },
      "5": {
        "start": {
          "line": 11,
          "column": 2
        },
        "end": {
          "line": 13,
          "column": 4
        }
      },
      "6": {
        "start": {
          "line": 12,
          "column": 4
        },
        "end": {
          "line": 12,
          "column": 95
        }
      },
      "7": {
        "start": {
          "line": 14,
          "column": 2
        },
        "end": {
          "line": 14,
          "column": 75
        }
      },
      "8": {
        "start": {
          "line": 22,
          "column": 17
        },
        "end": {
          "line": 78,
          "column": 5
        }
      },
      "9": {
        "start": {
          "line": 79,
          "column": 2
        },
        "end": {
          "line": 83,
          "column": 11
        }
      },
      "10": {
        "start": {
          "line": 85,
          "column": 0
        },
        "end": {
          "line": 85,
          "column": 9
        }
      },
      "11": {
        "start": {
          "line": 88,
          "column": 0
        },
        "end": {
          "line": 88,
          "column": 24
        }
      },
      "12": {
        "start": {
          "line": 89,
          "column": 0
        },
        "end": {
          "line": 102,
          "column": 1
        }
      },
      "13": {
        "start": {
          "line": 90,
          "column": 2
        },
        "end": {
          "line": 90,
          "column": 39
        }
      },
      "14": {
        "start": {
          "line": 91,
          "column": 2
        },
        "end": {
          "line": 91,
          "column": 39
        }
      },
      "15": {
        "start": {
          "line": 92,
          "column": 2
        },
        "end": {
          "line": 101,
          "column": 5
        }
      },
      "16": {
        "start": {
          "line": 93,
          "column": 4
        },
        "end": {
          "line": 93,
          "column": 121
        }
      },
      "17": {
        "start": {
          "line": 94,
          "column": 4
        },
        "end": {
          "line": 100,
          "column": 7
        }
      },
      "18": {
        "start": {
          "line": 95,
          "column": 6
        },
        "end": {
          "line": 96,
          "column": 15
        }
      },
      "19": {
        "start": {
          "line": 96,
          "column": 8
        },
        "end": {
          "line": 96,
          "column": 15
        }
      },
      "20": {
        "start": {
          "line": 97,
          "column": 32
        },
        "end": {
          "line": 97,
          "column": 115
        }
      },
      "21": {
        "start": {
          "line": 98,
          "column": 6
        },
        "end": {
          "line": 99,
          "column": 54
        }
      },
      "22": {
        "start": {
          "line": 99,
          "column": 8
        },
        "end": {
          "line": 99,
          "column": 54
        }
      }
    },
    "fnMap": {
      "0": {
        "name": "(anonymous_0)",
        "decl": {
          "start": {
            "line": 11,
            "column": 24
          },
          "end": {
            "line": 11,
            "column": 25
          }
        },
        "loc": {
          "start": {
            "line": 11,
            "column": 38
          },
          "end": {
            "line": 13,
            "column": 3
          }
        },
        "line": 11
      },
      "1": {
        "name": "App",
        "decl": {
          "start": {
            "line": 21,
            "column": 9
          },
          "end": {
            "line": 21,
            "column": 12
          }
        },
        "loc": {
          "start": {
            "line": 21,
            "column": 15
          },
          "end": {
            "line": 84,
            "column": 1
          }
        },
        "line": 21
      },
      "2": {
        "name": "(anonymous_2)",
        "decl": {
          "start": {
            "line": 92,
            "column": 52
          },
          "end": {
            "line": 92,
            "column": 53
          }
        },
        "loc": {
          "start": {
            "line": 92,
            "column": 72
          },
          "end": {
            "line": 101,
            "column": 3
          }
        },
        "line": 92
      },
      "3": {
        "name": "(anonymous_3)",
        "decl": {
          "start": {
            "line": 94,
            "column": 27
          },
          "end": {
            "line": 94,
            "column": 28
          }
        },
        "loc": {
          "start": {
            "line": 94,
            "column": 44
          },
          "end": {
            "line": 100,
            "column": 5
          }
        },
        "line": 94
      }
    },
    "branchMap": {
      "0": {
        "loc": {
          "start": {
            "line": 5,
            "column": 0
          },
          "end": {
            "line": 15,
            "column": 1
          }
        },
        "type": "if",
        "locations": [
          {
            "start": {
              "line": 5,
              "column": 0
            },
            "end": {
              "line": 15,
              "column": 1
            }
          },
          {
            "start": {},
            "end": {}
          }
        ],
        "line": 5
      },
      "1": {
        "loc": {
          "start": {
            "line": 6,
            "column": 2
          },
          "end": {
            "line": 8,
            "column": 3
          }
        },
        "type": "if",
        "locations": [
          {
            "start": {
              "line": 6,
              "column": 2
            },
            "end": {
              "line": 8,
              "column": 3
            }
          },
          {
            "start": {},
            "end": {}
          }
        ],
        "line": 6
      },
      "2": {
        "loc": {
          "start": {
            "line": 89,
            "column": 0
          },
          "end": {
            "line": 102,
            "column": 1
          }
        },
        "type": "if",
        "locations": [
          {
            "start": {
              "line": 89,
              "column": 0
            },
            "end": {
              "line": 102,
              "column": 1
            }
          },
          {
            "start": {},
            "end": {}
          }
        ],
        "line": 89
      },
      "3": {
        "loc": {
          "start": {
            "line": 95,
            "column": 6
          },
          "end": {
            "line": 96,
            "column": 15
          }
        },
        "type": "if",
        "locations": [
          {
            "start": {
              "line": 95,
              "column": 6
            },
            "end": {
              "line": 96,
              "column": 15
            }
          },
          {
            "start": {},
            "end": {}
          }
        ],
        "line": 95
      },
      "4": {
        "loc": {
          "start": {
            "line": 98,
            "column": 6
          },
          "end": {
            "line": 99,
            "column": 54
          }
        },
        "type": "if",
        "locations": [
          {
            "start": {
              "line": 98,
              "column": 6
            },
            "end": {
              "line": 99,
              "column": 54
            }
          },
          {
            "start": {},
            "end": {}
          }
        ],
        "line": 98
      }
    },
    "s": {
      "0": 36,
      "1": 36,
      "2": 0,
      "3": 36,
      "4": 36,
      "5": 36,
      "6": 36,
      "7": 36,
      "8": 142,
      "9": 142,
      "10": 36,
      "11": 36,
      "12": 36,
      "13": 36,
      "14": 36,
      "15": 36,
      "16": 35,
      "17": 35,
      "18": 0,
      "19": 0,
      "20": 0,
      "21": 0,
      "22": 0
    },
    "f": {
      "0": 36,
      "1": 142,
      "2": 35,
      "3": 0
    },
    "b": {
      "0": [
        36,
        0
      ],
      "1": [
        0,
        36
      ],
      "2": [
        36,
        0
      ],
      "3": [
        0,
        0
      ],
      "4": [
        0,
        0
      ]
    },
    "inputSourceMap": {
      "version": 3,
      "mappings": "AAUe;AAVf,2BAASA;AAA+BC;AAAsB;AAAkB;AAAA;AAAA;AAAA;AAAA;AAAA;AAAA;AAAA;AAAA;AAAA;AAAA;AAAA;AAChF,SAASC,OAAOC,MAAMC,MAAMC,WAAW;AACvC,SAASC,cAAc;AACvB,SAASC,cAAc;AACvB,SAASC,oBAAoB;AAE7B,SAASC,MAAM;AACb,QAAMC,SAASV,oBAAoB,CACjC;AAAA,IACEW,MAAM;AAAA,IACNC,SAAS,uBAAC,YAAD;AAAA;AAAA;AAAA;AAAA,WAAO;AAAA,IAChBC,cAAc,uBAAC,WAAD;AAAA;AAAA;AAAA;AAAA,WAAM;AAAA,IACpBC,UAAU,CACR;AAAA,MACEC,OAAO;AAAA,MACPH,SAAS,uBAAC,UAAD;AAAA;AAAA;AAAA;AAAA,aAAK;AAAA,IAChB,GACA;AAAA,MACED,MAAMJ,OAAOS;AAAAA,MACbJ,SACE,uBAAC,gBAAa,WAAW,MAAM,UAAUL,OAAOF,KAC9C,iCAAC,UAAD;AAAA;AAAA;AAAA;AAAA,aAAK,KADP;AAAA;AAAA;AAAA;AAAA,aAEA;AAAA,IAEJ,GACA;AAAA,MACEM,MAAMJ,OAAOF;AAAAA,MACbO,SACE,uBAAC,gBAAa,WAAW,OAAO,UAAUL,OAAOS,OAC/C,iCAAC,SAAD;AAAA;AAAA;AAAA;AAAA,aAAI,KADN;AAAA;AAAA;AAAA;AAAA,aAEA;AAAA,IAEJ,GACA;AAAA,MACEL,MAAM;AAAA,MACNC,SAAS,uBAAC,WAAD;AAAA;AAAA;AAAA;AAAA,aAAM;AAAA,IACjB,CAAC;AAAA,EAEL,GACA;AAAA,IACED,MAAM;AAAA,IACNC,SAAS,uBAAC,YAAS,IAAG,UAAS,SAAO,QAA7B;AAAA;AAAA;AAAA;AAAA,WAA6B;AAAA,EACxC,CAAC,CACF;AAED,SAAO,uBAAC,kBAAe,UAAhB;AAAA;AAAA;AAAA;AAAA,SAA+B;AACxC;AAACK,KAxCQR;AA0CT,eAAeA;AAAI,IAAAQ;AAAAC,aAAAD,IAAA",
      "names": [
        "createBrowserRouter",
        "RouterProvider",
        "Error",
        "Auth",
        "Home",
        "IDE",
        "Layout",
        "EPages",
        "PrivateRoute",
        "App",
        "router",
        "path",
        "element",
        "errorElement",
        "children",
        "index",
        "LOGIN",
        "_c",
        "$RefreshReg$"
      ],
      "sources": [
        "/home/data/github/rsschool/graphiql-app/src/App.tsx"
      ],
      "file": "/home/data/github/rsschool/graphiql-app/src/App.tsx"
    },
    "_coverageSchema": "1a1c01bbd47fc00a2c39e90264f33305004495a9",
    "hash": "bdbf57245b3705cad609dc349e584de40583cfa6"
  },
  "/home/data/github/rsschool/graphiql-app/src/18n.ts": {
    "path": "/home/data/github/rsschool/graphiql-app/src/18n.ts",
    "statementMap": {
      "0": {
        "start": {
          "line": 5,
          "column": 0
        },
        "end": {
          "line": 12,
          "column": 3
        }
      }
    },
    "fnMap": {},
    "branchMap": {},
    "s": {
      "0": 36
    },
    "f": {},
    "b": {},
    "inputSourceMap": {
      "version": 3,
      "sources": [
        "/home/data/github/rsschool/graphiql-app/src/18n.ts"
      ],
      "mappings": "AAAA,OAAO,UAAU;AACjB,OAAO,aAAa;AACpB,OAAO,sBAAsB;AAC7B,SAAS,wBAAwB;AAEjC,KACG,IAAI,OAAO,EACX,IAAI,gBAAgB,EACpB,IAAI,gBAAgB,EACpB,KAAK;AAAA,EACJ,aAAa;AAAA,EACb,YAAY;AAAA,EACZ,OAAO;AAAA,EACP,eAAe;AAAA,IACb,aAAa;AAAA,EACf;AACF,CAAC;AAEH,eAAe;",
      "names": []
    },
    "_coverageSchema": "1a1c01bbd47fc00a2c39e90264f33305004495a9",
    "hash": "afac6d378501174e77b7f0e7df52ee20f386930c"
  },
  "/home/data/github/rsschool/graphiql-app/src/main.tsx": {
    "path": "/home/data/github/rsschool/graphiql-app/src/main.tsx",
    "statementMap": {
      "0": {
        "start": {
          "line": 9,
          "column": 0
        },
        "end": {
          "line": 21,
          "column": 10
        }
      }
    },
    "fnMap": {},
    "branchMap": {},
    "s": {
      "0": 36
    },
    "f": {},
    "b": {},
    "inputSourceMap": {
      "version": 3,
      "mappings": "AAYM;AAZN,OAAOA,WAAW;AAClB,OAAOC,cAAc;AACrB,SAASC,gBAAgB;AAEzB,SAASC,aAAa;AACtB,OAAOC,SAAS;AAChB,OAAO;AACP,OAAO;AAEPH,SAASI,WAAWC,SAASC,eAAe,MAAM,CAAgB,EAAEC,OAClE,uBAAC,MAAM,YAAN,EACC,iCAAC,YAAS,OACR,iCAAC,SAAD;AAAA;AAAA;AAAA;AAAA,OAAI,KADN;AAAA;AAAA;AAAA;AAAA,OAEA,KAHF;AAAA;AAAA;AAAA;AAAA,OAIA,CACF",
      "names": [
        "React",
        "ReactDOM",
        "Provider",
        "store",
        "App",
        "createRoot",
        "document",
        "getElementById",
        "render"
      ],
      "sources": [
        "/home/data/github/rsschool/graphiql-app/src/main.tsx"
      ],
      "file": "/home/data/github/rsschool/graphiql-app/src/main.tsx"
    },
    "_coverageSchema": "1a1c01bbd47fc00a2c39e90264f33305004495a9",
    "hash": "7a21c52b0cb24fd20b5c7cc8b3e3f40c30921852"
  }
}